<?xml version="1.0" encoding="UTF-8"?>
<testsuite xmlns:xsi="http://www.w3.org/2001/XMLSchema-instance" xsi:noNamespaceSchemaLocation="https://maven.apache.org/surefire/maven-surefire-plugin/xsd/surefire-test-report-3.0.xsd" version="3.0" name="com.sebastianContreras.SistemaVeterinaria.SistemaVeterinariaApplicationTests" time="11.528" tests="1" errors="0" skipped="0" failures="0">
  <properties>
[...]
</properties>
  <testcase name="contextLoads" classname="com.sebastianContreras.SistemaVeterinaria.SistemaVeterinariaApplicationTests" time="1.867">
    <system-out><![CDATA[14:12:59.523 [main] INFO org.springframework.test.context.support.AnnotationConfigContextLoaderUtils -- Could not detect default configuration classes for test class [com.sebastianContreras.SistemaVeterinaria.SistemaVeterinariaApplicationTests]: SistemaVeterinariaApplicationTests does not declare any static, non-private, non-final, nested classes annotated with @Configuration.
14:12:59.904 [main] INFO org.springframework.boot.test.context.SpringBootTestContextBootstrapper -- Found @SpringBootConfiguration com.sebastianContreras.SistemaVeterinaria.SistemaVeterinariaApplication for test class com.sebastianContreras.SistemaVeterinaria.SistemaVeterinariaApplicationTests

  .   ____          _            __ _ _
 /\\ / ___'_ __ _ _(_)_ __  __ _ \ \ \ \
( ( )\___ | '_ | '_| | '_ \/ _` | \ \ \ \
 \\/  ___)| |_)| | | | | || (_| |  ) ) ) )
  '  |____| .__|_| |_|_| |_\__, | / / / /
 =========|_|==============|___/=/_/_/_/
 :: Spring Boot ::                (v3.1.3)

2023-09-13T14:13:00.950-03:00  INFO 21717 --- [           main] c.s.S.SistemaVeterinariaApplicationTests : Starting SistemaVeterinariaApplicationTests using Java 17.0.8.1 with PID 21717 (started by sebastian in /home/sebastian/Escritorio/SistemaVeterinaria/SistemaVeterinariaBackend/SistemaVeterinaria)
2023-09-13T14:13:00.967-03:00  INFO 21717 --- [           main] c.s.S.SistemaVeterinariaApplicationTests : No active profile set, falling back to 1 default profile: "default"
2023-09-13T14:13:02.512-03:00  INFO 21717 --- [           main] .s.d.r.c.RepositoryConfigurationDelegate : Bootstrapping Spring Data JPA repositories in DEFAULT mode.
2023-09-13T14:13:02.633-03:00  INFO 21717 --- [           main] .s.d.r.c.RepositoryConfigurationDelegate : Finished Spring Data repository scanning in 106 ms. Found 10 JPA repository interfaces.
2023-09-13T14:13:03.460-03:00  INFO 21717 --- [           main] o.hibernate.jpa.internal.util.LogHelper  : HHH000204: Processing PersistenceUnitInfo [name: default]
2023-09-13T14:13:03.571-03:00  INFO 21717 --- [           main] org.hibernate.Version                    : HHH000412: Hibernate ORM core version 6.2.7.Final
2023-09-13T14:13:03.573-03:00  INFO 21717 --- [           main] org.hibernate.cfg.Environment            : HHH000406: Using bytecode reflection optimizer
2023-09-13T14:13:03.942-03:00  INFO 21717 --- [           main] o.h.b.i.BytecodeProviderInitiator        : HHH000021: Bytecode provider name : bytebuddy
2023-09-13T14:13:04.121-03:00  INFO 21717 --- [           main] o.s.o.j.p.SpringPersistenceUnitInfo      : No LoadTimeWeaver setup: ignoring JPA class transformer
2023-09-13T14:13:04.138-03:00  INFO 21717 --- [           main] com.zaxxer.hikari.HikariDataSource       : HikariPool-1 - Starting...
2023-09-13T14:13:04.525-03:00  INFO 21717 --- [           main] com.zaxxer.hikari.pool.HikariPool        : HikariPool-1 - Added connection org.mariadb.jdbc.Connection@37d0d373
2023-09-13T14:13:04.528-03:00  INFO 21717 --- [           main] com.zaxxer.hikari.HikariDataSource       : HikariPool-1 - Start completed.
2023-09-13T14:13:04.927-03:00  INFO 21717 --- [           main] o.h.b.i.BytecodeProviderInitiator        : HHH000021: Bytecode provider name : bytebuddy
2023-09-13T14:13:05.977-03:00  INFO 21717 --- [           main] o.h.e.t.j.p.i.JtaPlatformInitiator       : HHH000490: Using JtaPlatform implementation: [org.hibernate.engine.transaction.jta.platform.internal.NoJtaPlatform]
2023-09-13T14:13:06.235-03:00  INFO 21717 --- [           main] j.LocalContainerEntityManagerFactoryBean : Initialized JPA EntityManagerFactory for persistence unit 'default'
2023-09-13T14:13:06.794-03:00  INFO 21717 --- [           main] o.s.d.j.r.query.QueryEnhancerFactory     : Hibernate is in classpath; If applicable, HQL parser will be used.
2023-09-13T14:13:06.976-03:00  WARN 21717 --- [           main] JpaBaseConfiguration$JpaWebConfiguration : spring.jpa.open-in-view is enabled by default. Therefore, database queries may be performed during view rendering. Explicitly configure spring.jpa.open-in-view to disable this warning
2023-09-13T14:13:07.018-03:00  WARN 21717 --- [           main] .s.s.UserDetailsServiceAutoConfiguration : 

Using generated security password: 88e940a4-cd17-4861-a0d5-c14eb3684684

This generated password is for development use only. Your security configuration must be updated before running your application in production.

2023-09-13T14:13:07.291-03:00  INFO 21717 --- [           main] o.s.s.web.DefaultSecurityFilterChain     : Will secure any request with [org.springframework.security.web.session.DisableEncodeUrlFilter@1fe37d27, org.springframework.security.web.context.request.async.WebAsyncManagerIntegrationFilter@1718de70, org.springframework.security.web.context.SecurityContextHolderFilter@565030b7, org.springframework.security.web.header.HeaderWriterFilter@43c3354, org.springframework.security.web.authentication.logout.LogoutFilter@96448ee, org.springframework.security.web.savedrequest.RequestCacheAwareFilter@2eb31735, org.springframework.security.web.servletapi.SecurityContextHolderAwareRequestFilter@188b9a1e, org.springframework.security.web.authentication.AnonymousAuthenticationFilter@6bfc5296, org.springframework.security.web.session.SessionManagementFilter@750adad8, org.springframework.security.web.access.ExceptionTranslationFilter@3314f179, org.springframework.security.web.access.intercept.AuthorizationFilter@6c6c93f8]
2023-09-13T14:13:08.162-03:00  INFO 21717 --- [           main] c.s.S.SistemaVeterinariaApplicationTests : Started SistemaVeterinariaApplicationTests in 7.78 seconds (process running for 12.104)
]]></system-out>
  </testcase>
</testsuite>